Build started 11/22/2017 6:34:58 PM.
     1>Project "C:\Users\tamirgr\Documents\Visual Studio 2015\projects\forClass3D\engine\engine.vcxproj" on node 2 (Build target(s)).
     1>ClCompile:
         C:\Program Files (x86)\Microsoft Visual Studio 14.0\VC\bin\CL.exe /c /I"C:\Users\tamirgr\Documents\Visual Studio 2015\projects\forClass3D\engine" /I"C:\Users\tamirgr\Documents\Visual Studio 2015\projects\forClass3D\engine/includes" /ZI /nologo /W3 /WX- /sdl /Od /Oy- /D _MBCS /Gm /EHsc /RTC1 /MDd /GS /fp:precise /Zc:wchar_t /Zc:forScope /Zc:inline /Fo"Debug\\" /Fd"Debug\engine.pdb" /Gd /TP /analyze- /errorReport:prompt mesh.cpp obj_loader.cpp shader.cpp
         shader.cpp
         obj_loader.cpp
     1>c:\users\tamirgr\documents\visual studio 2015\projects\forclass3d\engine\obj_loader.cpp(401): warning C4244: 'return': conversion from 'double' to 'float', possible loss of data
         mesh.cpp
         Generating Code...
         C:\Program Files (x86)\Microsoft Visual Studio 14.0\VC\bin\CL.exe /c /I"C:\Users\tamirgr\Documents\Visual Studio 2015\projects\forClass3D\engine" /I"C:\Users\tamirgr\Documents\Visual Studio 2015\projects\forClass3D\engine/includes" /ZI /nologo /W3 /WX- /sdl /Od /Oy- /D _MBCS /Gm /EHsc /RTC1 /MDd /GS /fp:precise /Zc:wchar_t /Zc:forScope /Zc:inline /Fo"Debug\\" /Fd"Debug\engine.pdb" /Gd /TC /analyze- /errorReport:prompt stb_image.c
         stb_image.c
       Lib:
         C:\Program Files (x86)\Microsoft Visual Studio 14.0\VC\bin\Lib.exe /OUT:"C:\Users\tamirgr\Documents\Visual Studio 2015\projects\forClass3D\Debug\engine.lib" /NOLOGO Debug\mesh.obj
         Debug\obj_loader.obj
         Debug\shader.obj
         Debug\stb_image.obj
         engine.vcxproj -> C:\Users\tamirgr\Documents\Visual Studio 2015\projects\forClass3D\Debug\engine.lib
     1>Done Building Project "C:\Users\tamirgr\Documents\Visual Studio 2015\projects\forClass3D\engine\engine.vcxproj" (Build target(s)).

Build succeeded.

Time Elapsed 00:00:07.03
